<?xml version="1.0" encoding="UTF-8"?>
<!-- Generated by org.testng.reporters.JUnitReportReporter -->
<testsuite skipped="0" hostname="Acer-PC" name="chbasic.ui.Demo1" tests="1" failures="0" timestamp="17 Jun 2017 16:48:29 GMT" time="0.017" errors="0">
  <testcase name="aa" time="0.017" classname="chbasic.ui.Demo1"/>
</testsuite> <!-- chbasic.ui.Demo1 -->
